[510]------------------------------------------------------------------[510]
[510]New instance of Hinges v.0.2, BuildType: developer[510]Running on OS :Windows_NT : win32 : ia32[515]------------------------------------------------------------------[515]
[515]New instance of Hinges v.0.2, BuildType: developer[515]Running on OS :Windows_NT : win32 : ia32[425]------------------------------------------------------------------[425]
[425]New instance of Hinges v.0.2, BuildType: developer[425]
[425]Running on OS :Windows_NT : win32 : ia32[425]
[425]------------------------------------------------------------------[425]
[425]New instance of Hinges v.0.2, BuildType: developer[425]
[425]Running on OS :Windows_NT : win32 : ia32[425]
[181]------------------------------------------------------------------[181]
[181]New instance of Hinges v.0.2, BuildType: developer[181]
[181]Running on OS :Windows_NT : win32 : ia32[181]
[188]------------------------------------------------------------------[188]
[188]New instance of Hinges v.0.2, BuildType: developer[188]
[188]Running on OS :Windows_NT : win32 : ia32[188]
[163]------------------------------------------------------------------[163]
[163]New instance of Hinges v.0.2, BuildType: developer[163]
[163]Running on OS :Windows_NT : win32 : ia32[163]
[163]------------------------------------------------------------------[163]
[163]New instance of Hinges v.0.2, BuildType: developer[163]
[163]Running on OS :Windows_NT : win32 : ia32[163]
[591]------------------------------------------------------------------[591]
[591]New instance of Hinges v.0.2, BuildType: developer[591]Running on OS :Windows_NT : win32 : ia32[591]
[591]
[598]
[598]------------------------------------------------------------------[598]
[598]Running on OS :Windows_NT : win32 : ia32[598]New instance of Hinges v.0.2, BuildType: developer[598]
[375]------------------------------------------------------------------[375]
[375]New instance of Hinges v.0.2, BuildType: developer[375]
[375]Running on OS :Windows_NT : win32 : ia32[375]
[389]------------------------------------------------------------------[389]
[389]New instance of Hinges v.0.2, BuildType: developer[389]
[389]Running on OS :Windows_NT : win32 : ia32[389]
[97]------------------------------------------------------------------[97]------------------------------------------------------------------[97]
[97]
[97]New instance of Hinges v.0.2, BuildType: developer[97]
[97]Running on OS :Windows_NT : win32 : ia32[97]New instance of Hinges v.0.2, BuildType: developer[97]
[97]Running on OS :Windows_NT : win32 : ia32[97]
[97]
[773]------------------------------------------------------------------[773]
[773]New instance of Hinges v.0.2, BuildType: developer[773]
[773]Running on OS :Windows_NT : win32 : ia32[773]
[777]------------------------------------------------------------------[777]
[777]New instance of Hinges v.0.2, BuildType: developer[777]
[777]Running on OS :Windows_NT : win32 : ia32[777]
[516]------------------------------------------------------------------[516]
[516]New instance of Hinges v.0.2, BuildType: developer[516]
[516]Running on OS :Windows_NT : win32 : ia32[516]
[519]
[519]------------------------------------------------------------------[519]Running on OS :Windows_NT : win32 : ia32[519]
[519]New instance of Hinges v.0.2, BuildType: developer[519]
[850]------------------------------------------------------------------[850]
[850]New instance of Hinges v.0.2, BuildType: developer[850]
[850]Running on OS :Windows_NT : win32 : ia32[850]
[862]------------------------------------------------------------------[862]
[862]New instance of Hinges v.0.2, BuildType: developer[862]
[862]Running on OS :Windows_NT : win32 : ia32[862]
[447]------------------------------------------------------------------[447]
[447]New instance of Hinges v.0.2, BuildType: developer[447]
[447]Running on OS :Windows_NT : win32 : ia32[447]
[448]------------------------------------------------------------------[448]
[448]New instance of Hinges v.0.2, BuildType: developer[448]
[448]Running on OS :Windows_NT : win32 : ia32[448]
[20]------------------------------------------------------------------[20]
[20]New instance of Hinges v.0.2, BuildType: developer[20]
[20]Running on OS :Windows_NT : win32 : ia32[20]
[24]------------------------------------------------------------------[24]Running on OS :Windows_NT : win32 : ia32[24]New instance of Hinges v.0.2, BuildType: developer[24]
[24]
[24]
[514]------------------------------------------------------------------[514]
[514]New instance of Hinges v.0.2, BuildType: developer[514]
[514]Running on OS :Windows_NT : win32 : ia32[514]
[712]------------------------------------------------------------------[712]
[712]New instance of Hinges v.0.2, BuildType: developer[712]
[712]Running on OS :Windows_NT : win32 : ia32[712]
[728]------------------------------------------------------------------[728]
[728]New instance of Hinges v.0.2, BuildType: developer[728]
[728]Running on OS :Windows_NT : win32 : ia32[728]
[417]------------------------------------------------------------------[417]
[417]New instance of Hinges v.0.2, BuildType: developer[417]
[417]Running on OS :Windows_NT : win32 : ia32[417]
[420]------------------------------------------------------------------[420]
[420]New instance of Hinges v.0.2, BuildType: developer[420]
[420]Running on OS :Windows_NT : win32 : ia32[420]
[377]------------------------------------------------------------------[377]
[377]New instance of Hinges v.0.2, BuildType: developer[377]
[377]Running on OS :Windows_NT : win32 : ia32[377]
[384]------------------------------------------------------------------[384]
[384]New instance of Hinges v.0.2, BuildType: developer[384]
[384]Running on OS :Windows_NT : win32 : ia32[384]
[834]------------------------------------------------------------------[834]
[834]
[834]Running on OS :Windows_NT : win32 : ia32[834]
[834]New instance of Hinges v.0.2, BuildType: developer[850]------------------------------------------------------------------[850]
[850]New instance of Hinges v.0.2, BuildType: developer[850]
[850]Running on OS :Windows_NT : win32 : ia32[850]
[971]------------------------------------------------------------------[971]
[971]New instance of Hinges v.0.2, BuildType: developer[971]
[971]Running on OS :Windows_NT : win32 : ia32[971]
[978]------------------------------------------------------------------[978]
[978]New instance of Hinges v.0.2, BuildType: developer[978]
[978]Running on OS :Windows_NT : win32 : ia32[978]
[291]------------------------------------------------------------------[291]
[291]New instance of Hinges v.0.2, BuildType: developer[291]
[291]Running on OS :Windows_NT : win32 : ia32[291]
[121]------------------------------------------------------------------[121]
[121]New instance of Hinges v.0.2, BuildType: developer[121]
[121]Running on OS :Windows_NT : win32 : ia32[121]
[95]------------------------------------------------------------------[95]
[95]New instance of Hinges v.0.2, BuildType: developer[95]Running on OS :Windows_NT : win32 : ia32[95]
[95]
[137]------------------------------------------------------------------[137]
[137]New instance of Hinges v.0.2, BuildType: developer[137]
[137]Running on OS :Windows_NT : win32 : ia32[137]
[361]------------------------------------------------------------------[361]
[361]------------------------------------------------------------------[361]New instance of Hinges v.0.2, BuildType: developer[361]
[361]
[361]Running on OS :Windows_NT : win32 : ia32[361]
[361]New instance of Hinges v.0.2, BuildType: developer[361]
[361]Running on OS :Windows_NT : win32 : ia32[361]
[933]------------------------------------------------------------------[933]
[933]New instance of Hinges v.0.2, BuildType: developer[933]Running on OS :Windows_NT : win32 : ia32[933]
[933]
[3]New instance of Hinges v.0.2, BuildType: developer[3]Running on OS :Windows_NT : win32 : ia32[3]
[3]------------------------------------------------------------------[3]
[3]
[354]------------------------------------------------------------------[354]
[354]New instance of Hinges v.0.2, BuildType: developer[354]
[354]Running on OS :Windows_NT : win32 : ia32[354]
[381]------------------------------------------------------------------[381]
[381]New instance of Hinges v.0.2, BuildType: developer[381]
[381]Running on OS :Windows_NT : win32 : ia32[381]
[480]------------------------------------------------------------------[480]
[480]New instance of Hinges v.0.2, BuildType: developer[480]
[480]Running on OS :Windows_NT : win32 : ia32[480]
[517]------------------------------------------------------------------[517]
[517]New instance of Hinges v.0.2, BuildType: developer[517]
[517]Running on OS :Windows_NT : win32 : ia32[517]
[927]------------------------------------------------------------------[927]
[927]New instance of Hinges v.0.2, BuildType: developer[927]
[927]Running on OS :Windows_NT : win32 : ia32[927]
[942]------------------------------------------------------------------[942]
[942]New instance of Hinges v.0.2, BuildType: developer[942]
[942]Running on OS :Windows_NT : win32 : ia32[942]
[413]------------------------------------------------------------------[413]
[413]New instance of Hinges v.0.2, BuildType: developer[413]
[413]Running on OS :Windows_NT : win32 : ia32[413]
[447]------------------------------------------------------------------[447]
[447]New instance of Hinges v.0.2, BuildType: developer[447]
[447]Running on OS :Windows_NT : win32 : ia32[447]
[429]------------------------------------------------------------------[429]
[429]New instance of Hinges v.0.2, BuildType: developer[429]
[429]Running on OS :Windows_NT : win32 : ia32[429]
[450]------------------------------------------------------------------[450]
[450]New instance of Hinges v.0.2, BuildType: developer[450]
[450]Running on OS :Windows_NT : win32 : ia32[450]
[122]------------------------------------------------------------------[122]
[122]New instance of Hinges v.0.2, BuildType: developer[122]
[122]Running on OS :Windows_NT : win32 : ia32[122]
[138]
[138]Running on OS :Windows_NT : win32 : ia32[138]
[138]
[138]New instance of Hinges v.0.2, BuildType: developer[138]------------------------------------------------------------------[828]------------------------------------------------------------------[828]
[828]New instance of Hinges v.0.2, BuildType: developer[828]
[828]Running on OS :Windows_NT : win32 : ia32[828]
[836]------------------------------------------------------------------[836]
[836]New instance of Hinges v.0.2, BuildType: developer[836]
[836]Running on OS :Windows_NT : win32 : ia32[836]
[193]------------------------------------------------------------------[193]
[193]New instance of Hinges v.0.2, BuildType: developer[193]
[193]Running on OS :Windows_NT : win32 : ia32[193]
[210]------------------------------------------------------------------[210]
[210]New instance of Hinges v.0.2, BuildType: developer[210]
[210]Running on OS :Windows_NT : win32 : ia32[210]
[439]------------------------------------------------------------------[439]
[439]New instance of Hinges v.0.2, BuildType: developer[439]
[439]Running on OS :Windows_NT : win32 : ia32[439]
[452]------------------------------------------------------------------[452]
[452]New instance of Hinges v.0.2, BuildType: developer[452]
[452]Running on OS :Windows_NT : win32 : ia32[452]
[950]------------------------------------------------------------------[950]
[950]New instance of Hinges v.0.2, BuildType: developer[950]
[950]Running on OS :Windows_NT : win32 : ia32[950]
[967]------------------------------------------------------------------[967]
[967]New instance of Hinges v.0.2, BuildType: developer[967]
[967]Running on OS :Windows_NT : win32 : ia32[967]
[198]------------------------------------------------------------------[198]
[198]New instance of Hinges v.0.2, BuildType: developer[198]
[198]Running on OS :Windows_NT : win32 : ia32[198]
[214]
[214]Running on OS :Windows_NT : win32 : ia32[214]
[214]------------------------------------------------------------------[214]New instance of Hinges v.0.2, BuildType: developer[214]
[974]------------------------------------------------------------------[974]
[974]New instance of Hinges v.0.2, BuildType: developer[974]
[974]Running on OS :Windows_NT : win32 : ia32[974]
[993]------------------------------------------------------------------[993]
[993]New instance of Hinges v.0.2, BuildType: developer[993]
[993]Running on OS :Windows_NT : win32 : ia32[993]
[497]------------------------------------------------------------------[497]
[497]New instance of Hinges v.0.2, BuildType: developer[497]
[497]Running on OS :Windows_NT : win32 : ia32[497]
[499]------------------------------------------------------------------[499]
[499]New instance of Hinges v.0.2, BuildType: developer[499]
[499]Running on OS :Windows_NT : win32 : ia32[499]
[651]------------------------------------------------------------------[651]
[651]New instance of Hinges v.0.2, BuildType: developer[651]
[651]Running on OS :Windows_NT : win32 : ia32[651]
[675]New instance of Hinges v.0.2, BuildType: developer[675]
[675]Running on OS :Windows_NT : win32 : ia32[675]
[675]------------------------------------------------------------------[675]
[682]------------------------------------------------------------------[682]
[682]New instance of Hinges v.0.2, BuildType: developer[682]
[682]Running on OS :Windows_NT : win32 : ia32[682]
[693]
[693]Running on OS :Windows_NT : win32 : ia32[693]
[693]------------------------------------------------------------------[693]
[693]New instance of Hinges v.0.2, BuildType: developer[59]------------------------------------------------------------------[59]
[59]New instance of Hinges v.0.2, BuildType: developer[59]
[59]Running on OS :Windows_NT : win32 : ia32[59]
[82]------------------------------------------------------------------[82]
[82]New instance of Hinges v.0.2, BuildType: developer[82]
[82]Running on OS :Windows_NT : win32 : ia32[82]
[600]------------------------------------------------------------------[600]
[600]New instance of Hinges v.0.2, BuildType: developer[600]
[600]Running on OS :Windows_NT : win32 : ia32[600]
[609]------------------------------------------------------------------[609]
[609]New instance of Hinges v.0.2, BuildType: developer[609]
[609]Running on OS :Windows_NT : win32 : ia32[609]
[820]------------------------------------------------------------------[820]
[820]New instance of Hinges v.0.2, BuildType: developer[820]
[820]Running on OS :Windows_NT : win32 : ia32[820]
[837]------------------------------------------------------------------[837]
[837]New instance of Hinges v.0.2, BuildType: developer[837]
[837]Running on OS :Windows_NT : win32 : ia32[837]
[716]------------------------------------------------------------------[716]
[716]New instance of Hinges v.0.2, BuildType: developer[716]
[716]Running on OS :Windows_NT : win32 : ia32[716]
[748]
[748]Running on OS :Windows_NT : win32 : ia32[748]
[748]New instance of Hinges v.0.2, BuildType: developer[748]------------------------------------------------------------------[748]
[823]------------------------------------------------------------------[823]
[823]New instance of Hinges v.0.2, BuildType: developer[823]
[823]Running on OS :Windows_NT : win32 : ia32[823]
[838]------------------------------------------------------------------[838]
[838]New instance of Hinges v.0.2, BuildType: developer[838]
[838]Running on OS :Windows_NT : win32 : ia32[838]
[931]------------------------------------------------------------------[932]------------------------------------------------------------------[932]
[932]New instance of Hinges v.0.2, BuildType: developer[932]
[932]Running on OS :Windows_NT : win32 : ia32[932]
[931]
[931]New instance of Hinges v.0.2, BuildType: developer[931]
[931]Running on OS :Windows_NT : win32 : ia32[931]
[889]------------------------------------------------------------------[889]
[889]New instance of Hinges v.0.2, BuildType: developer[889]Running on OS :Windows_NT : win32 : ia32[889]
[889]
[908]------------------------------------------------------------------[908]
[908]New instance of Hinges v.0.2, BuildType: developer[908]
[908]Running on OS :Windows_NT : win32 : ia32[908]
[208]------------------------------------------------------------------[208]
[208]New instance of Hinges v.0.2, BuildType: developer[208]
[208]Running on OS :Windows_NT : win32 : ia32[208]
[211]------------------------------------------------------------------[211]
[211]New instance of Hinges v.0.2, BuildType: developer[211]
[211]Running on OS :Windows_NT : win32 : ia32[211]
[179]------------------------------------------------------------------[179]
[179]New instance of Hinges v.0.2, BuildType: developer[179]
[179]Running on OS :Windows_NT : win32 : ia32[179]
[199]------------------------------------------------------------------[199]
[199]New instance of Hinges v.0.2, BuildType: developer[199]
[199]Running on OS :Windows_NT : win32 : ia32[199]
[1]------------------------------------------------------------------[1]
[1]New instance of Hinges v.0.2, BuildType: developer[1]
[1]Running on OS :Windows_NT : win32 : ia32[1]
[12]------------------------------------------------------------------[12]
[12]New instance of Hinges v.0.2, BuildType: developer[12]
[12]Running on OS :Windows_NT : win32 : ia32[12]
[849]------------------------------------------------------------------[849]------------------------------------------------------------------[849]
[849]
[849]New instance of Hinges v.0.2, BuildType: developer[849]
[849]Running on OS :Windows_NT : win32 : ia32[849]New instance of Hinges v.0.2, BuildType: developer[849]
[849]Running on OS :Windows_NT : win32 : ia32[849]
[849]
[890]
[890]New instance of Hinges v.0.2, BuildType: developer[890]
[890]Running on OS :Windows_NT : win32 : ia32[890]
[890]------------------------------------------------------------------[912]------------------------------------------------------------------[912]
[912]New instance of Hinges v.0.2, BuildType: developer[912]
[912]Running on OS :Windows_NT : win32 : ia32[912]
[723]------------------------------------------------------------------[723]
[723]New instance of Hinges v.0.2, BuildType: developer[723]
[723]Running on OS :Windows_NT : win32 : ia32[723]
[731]------------------------------------------------------------------[731]
[731]New instance of Hinges v.0.2, BuildType: developer[731]
[731]Running on OS :Windows_NT : win32 : ia32[731]
[449]------------------------------------------------------------------[449]
[449]New instance of Hinges v.0.2, BuildType: developer[449]
[449]Running on OS :Windows_NT : win32 : ia32[449]
[460]------------------------------------------------------------------[460]
[460]New instance of Hinges v.0.2, BuildType: developer[460]
[460]Running on OS :Windows_NT : win32 : ia32[460]
[188]------------------------------------------------------------------[188]
[188]New instance of Hinges v.0.2, BuildType: developer[188]
[188]Running on OS :Windows_NT : win32 : ia32[188]
[214]------------------------------------------------------------------[214]
[214]New instance of Hinges v.0.2, BuildType: developer[214]
[214]Running on OS :Windows_NT : win32 : ia32[214]
[616]------------------------------------------------------------------[616]
[616]New instance of Hinges v.0.2, BuildType: developer[616]
[616]Running on OS :Windows_NT : win32 : ia32[616]
[625]------------------------------------------------------------------[625]
[625]Running on OS :Windows_NT : win32 : ia32[625]
[625]
[625]New instance of Hinges v.0.2, BuildType: developer[948]------------------------------------------------------------------[948]
[948]New instance of Hinges v.0.2, BuildType: developer[948]
[948]Running on OS :Windows_NT : win32 : ia32[948]
[950]------------------------------------------------------------------[950]
[950]New instance of Hinges v.0.2, BuildType: developer[950]
[950]Running on OS :Windows_NT : win32 : ia32[950]
[637]------------------------------------------------------------------[637]
[637]New instance of Hinges v.0.2, BuildType: developer[637]
[637]Running on OS :Windows_NT : win32 : ia32[637]
[642]------------------------------------------------------------------[642]
[642]New instance of Hinges v.0.2, BuildType: developer[642]
[642]Running on OS :Windows_NT : win32 : ia32[642]
[75]------------------------------------------------------------------[75]
[75]New instance of Hinges v.0.2, BuildType: developer[75]
[75]Running on OS :Windows_NT : win32 : ia32[75]
[101]------------------------------------------------------------------[101]
[101]New instance of Hinges v.0.2, BuildType: developer[101]
[101]Running on OS :Windows_NT : win32 : ia32[101]
[466]------------------------------------------------------------------[466]
[466]New instance of Hinges v.0.2, BuildType: developer[466]
[466]Running on OS :Windows_NT : win32 : ia32[466]
[482]------------------------------------------------------------------[482]
[482]New instance of Hinges v.0.2, BuildType: developer[482]
[482]Running on OS :Windows_NT : win32 : ia32[482]
[103]------------------------------------------------------------------[103]
[103]New instance of Hinges v.0.2, BuildType: developer[103]
[103]
[103]Running on OS :Windows_NT : win32 : ia32[123]------------------------------------------------------------------[123]Running on OS :Windows_NT : win32 : ia32[123]
[123]New instance of Hinges v.0.2, BuildType: developer[123]
[123]
[861]------------------------------------------------------------------[861]
[861]New instance of Hinges v.0.2, BuildType: developer[861]
[861]Running on OS :Windows_NT : win32 : ia32[861]
[872]New instance of Hinges v.0.2, BuildType: developer[872]
[872]Running on OS :Windows_NT : win32 : ia32[872]
[872]------------------------------------------------------------------[872]
[509]------------------------------------------------------------------[509]
[509]New instance of Hinges v.0.2, BuildType: developer[509]
[509]Running on OS :Windows_NT : win32 : ia32[507]------------------------------------------------------------------[507]
[507]New instance of Hinges v.0.2, BuildType: developer[507]
[507]Running on OS :Windows_NT : win32 : ia32[507]
[509]
[758]------------------------------------------------------------------[758]
[758]New instance of Hinges v.0.2, BuildType: developer[758]
[758]Running on OS :Windows_NT : win32 : ia32[758]
[763]------------------------------------------------------------------[763]
[763]New instance of Hinges v.0.2, BuildType: developer[763]
[763]Running on OS :Windows_NT : win32 : ia32[763]
[117]------------------------------------------------------------------[117]
[117]New instance of Hinges v.0.2, BuildType: developer[117]
[117]Running on OS :Windows_NT : win32 : ia32[117]
[115]------------------------------------------------------------------[115]
[115]New instance of Hinges v.0.2, BuildType: developer[115]
[115]Running on OS :Windows_NT : win32 : ia32[115]
[126]------------------------------------------------------------------[126]
[126]New instance of Hinges v.0.2, BuildType: developer[126]
[126]Running on OS :Windows_NT : win32 : ia32[126]
[143]
[143]New instance of Hinges v.0.2, BuildType: developer[143]
[143]Running on OS :Windows_NT : win32 : ia32[143]
[143]------------------------------------------------------------------[477]------------------------------------------------------------------[477]
[477]New instance of Hinges v.0.2, BuildType: developer[477]
[477]Running on OS :Windows_NT : win32 : ia32[477]
[490]------------------------------------------------------------------[490]
[490]New instance of Hinges v.0.2, BuildType: developer[490]
[490]Running on OS :Windows_NT : win32 : ia32[490]
[79]------------------------------------------------------------------[79]
[79]New instance of Hinges v.0.2, BuildType: developer[79]
[79]Running on OS :Windows_NT : win32 : ia32[79]
[104]------------------------------------------------------------------[104]
[104]New instance of Hinges v.0.2, BuildType: developer[104]
[104]Running on OS :Windows_NT : win32 : ia32[104]
[700]------------------------------------------------------------------[700]
[700]New instance of Hinges v.0.2, BuildType: developer[700]
[700]Running on OS :Windows_NT : win32 : ia32[700]
[702]------------------------------------------------------------------[702]
[702]New instance of Hinges v.0.2, BuildType: developer[702]
[702]
[702]Running on OS :Windows_NT : win32 : ia32